<?xml version="1.0" encoding="UTF-8"?>
<!-- Generated by org.testng.reporters.JUnitReportReporter -->
<testsuite skipped="0" hostname="DESKTOP-UNQUKT1" name="newtestng.Demo3" tests="3" failures="0" timestamp="2022-02-28T17:14:00 IST" time="0.011" errors="0">
  <testcase name="TC03" time="0.001" classname="newtestng.Demo3"/>
  <system-out>
    <![CDATA[TC03 for BUY order is executed]]>
  </system-out>
  <testcase name="TC02" time="0.001" classname="newtestng.Demo3"/>
  <system-out>
    <![CDATA[TC02 is for login is executed]]>
  </system-out>
  <testcase name="TC01" time="0.009" classname="newtestng.Demo3"/>
  <system-out>
    <![CDATA[TC01 for dashboard is executed
TC01 for dashboard is executed
TC01 for dashboard is executed
TC01 for dashboard is executed
TC01 for dashboard is executed
TC01 for dashboard is executed
TC01 for dashboard is executed
TC01 for dashboard is executed
TC01 for dashboard is executed]]>
  </system-out>
</testsuite> <!-- newtestng.Demo3 -->
