<?xml version="1.0" encoding="UTF-8"?>
<!-- Generated by org.testng.reporters.JUnitReportReporter -->
<testsuite skipped="0" hostname="DESKTOP-UNQUKT1" name="com.testng.crossbrowser.Parallel" tests="2" failures="0" timestamp="2022-03-06T08:03:31 IST" time="7.543" errors="0">
  <testcase name="TC02" time="3.147" classname="com.testng.crossbrowser.Parallel"/>
  <system-out/>
  <testcase name="TC01" time="4.396" classname="com.testng.crossbrowser.Parallel"/>
  <system-out/>
</testsuite> <!-- com.testng.crossbrowser.Parallel -->
