<?xml version="1.0" encoding="UTF-8"?>
<!-- Generated by org.testng.reporters.JUnitReportReporter -->
<testsuite skipped="1" hostname="DESKTOP-UNQUKT1" name="newtestng.Demo1" tests="7" failures="0" timestamp="2022-02-27T23:19:06 IST" time="0.014" errors="0">
  <testcase name="TC03" time="0.003" classname="newtestng.Demo1"/>
  <system-out/>
  <testcase name="TC03" time="0.001" classname="newtestng.Demo1"/>
  <system-out/>
  <testcase name="TC03" time="0.002" classname="newtestng.Demo1"/>
  <system-out/>
  <testcase name="TC03" time="0.003" classname="newtestng.Demo1"/>
  <system-out/>
  <testcase name="TC03" time="0.001" classname="newtestng.Demo1"/>
  <system-out/>
  <testcase name="TC01" time="0.004" classname="newtestng.Demo1"/>
  <system-out/>
  <testcase name="TC02" classname="newtestng.Demo1">
    <skipped/>
  </testcase> <!-- TC02 -->
  <system-out/>
</testsuite> <!-- newtestng.Demo1 -->
