<?xml version="1.0" encoding="UTF-8"?>
<!-- Generated by org.testng.reporters.JUnitReportReporter -->
<testsuite skipped="0" hostname="DESKTOP-UNQUKT1" name="newtestng.Demo" tests="1" failures="0" timestamp="2022-02-26T10:08:09 IST" time="0.017" errors="0">
  <testcase name="m1" time="0.017" classname="newtestng.Demo"/>
  <system-out/>
</testsuite> <!-- newtestng.Demo -->
