<?xml version="1.0" encoding="UTF-8"?>
<!-- Generated by org.testng.reporters.JUnitReportReporter -->
<testsuite skipped="0" hostname="DESKTOP-UNQUKT1" name="testassert.Softassert" tests="1" failures="0" timestamp="2022-03-02T15:40:27 IST" time="0.013" errors="0">
  <testcase name="m1" time="0.013" classname="testassert.Softassert"/>
  <system-out/>
</testsuite> <!-- testassert.Softassert -->
