<?xml version="1.0" encoding="UTF-8"?>
<!-- Generated by org.testng.reporters.JUnitReportReporter -->
<testsuite skipped="0" hostname="DESKTOP-UNQUKT1" name="com.testng.crossbrowser.CrossTest" tests="2" failures="0" timestamp="2022-03-06T14:48:32 IST" time="18.086" errors="0">
  <testcase name="browser" time="5.625" classname="com.testng.crossbrowser.CrossTest"/>
  <system-out/>
  <testcase name="browser" time="12.461" classname="com.testng.crossbrowser.CrossTest"/>
  <system-out/>
</testsuite> <!-- com.testng.crossbrowser.CrossTest -->
